TN:
SF:domain/entities/Credencial.ts
FN:2,(anonymous_0)
FNF:1
FNH:1
FNDA:9,(anonymous_0)
DA:1,1
DA:3,9
DA:4,9
DA:5,9
DA:6,9
LF:5
LH:5
BRF:0
BRH:0
end_of_record
TN:
SF:domain/entities/PerfilUsuario.ts
FN:1,(anonymous_0)
FNF:1
FNH:1
FNDA:2,(anonymous_0)
DA:1,2
DA:2,2
DA:3,2
DA:4,2
LF:4
LH:4
BRDA:1,0,0,2
BRDA:1,0,1,2
BRF:2
BRH:2
end_of_record
TN:
SF:domain/entities/RegistrationError.ts
FN:1,(anonymous_0)
FNF:1
FNH:1
FNDA:5,(anonymous_0)
DA:1,5
DA:2,5
DA:3,5
DA:4,5
DA:5,5
DA:6,5
DA:7,5
DA:8,5
DA:9,5
DA:10,5
LF:10
LH:10
BRDA:1,0,0,5
BRDA:1,0,1,5
BRF:2
BRH:2
end_of_record
TN:
SF:domain/entities/Usuario.ts
FN:4,(anonymous_0)
FNF:1
FNH:1
FNDA:16,(anonymous_0)
DA:3,1
DA:5,16
DA:6,16
DA:7,16
DA:8,16
DA:9,16
DA:10,16
DA:11,16
DA:12,16
DA:13,16
DA:14,16
LF:11
LH:11
BRF:0
BRH:0
end_of_record
TN:
SF:domain/usecases/AcceptTermsAndConditions.ts
FN:4,(anonymous_0)
FNF:1
FNH:1
FNDA:2,(anonymous_0)
DA:1,1
DA:3,1
DA:5,2
DA:6,1
DA:9,1
LF:5
LH:5
BRDA:5,0,0,1
BRF:1
BRH:1
end_of_record
TN:
SF:domain/usecases/CategorizeUser.ts
FN:4,(anonymous_0)
FNF:1
FNH:1
FNDA:3,(anonymous_0)
DA:1,1
DA:3,1
DA:5,3
DA:7,2
DA:8,2
DA:10,2
LF:6
LH:6
BRDA:5,0,0,1
BRDA:10,1,0,1
BRDA:10,1,1,1
BRF:3
BRH:3
end_of_record
TN:
SF:domain/usecases/CreateUser.ts
FN:15,(anonymous_9)
FN:26,(anonymous_10)
FNF:2
FNH:2
FNDA:16,(anonymous_9)
FNDA:16,(anonymous_10)
DA:2,1
DA:5,1
DA:12,1
DA:14,1
DA:16,16
DA:17,16
DA:18,16
DA:19,16
DA:20,16
DA:21,16
DA:22,16
DA:23,16
DA:28,16
DA:29,1
DA:31,15
DA:32,1
DA:34,14
DA:35,1
DA:37,13
DA:38,1
DA:42,12
DA:45,11
DA:46,11
DA:47,1
DA:51,10
DA:52,8
DA:56,9
DA:57,9
DA:58,0
DA:62,9
DA:65,9
DA:68,9
DA:69,9
DA:72,9
DA:75,9
DA:81,9
LF:36
LH:35
BRDA:28,0,0,1
BRDA:31,1,0,1
BRDA:31,2,0,15
BRDA:31,2,1,2
BRDA:34,3,0,1
BRDA:37,4,0,1
BRDA:37,5,0,13
BRDA:37,5,1,2
BRDA:46,6,0,1
BRDA:51,7,0,8
BRDA:57,8,0,0
BRF:11
BRH:10
end_of_record
TN:
SF:domain/usecases/IsValidDate.ts
FN:4,(anonymous_0)
FNF:1
FNH:1
FNDA:2,(anonymous_0)
DA:1,1
DA:3,1
DA:5,2
DA:6,2
DA:8,2
DA:9,1
DA:12,1
LF:7
LH:7
BRDA:8,0,0,1
BRF:1
BRH:1
end_of_record
TN:
SF:domain/usecases/IsValidEmail.ts
FN:4,(anonymous_0)
FNF:1
FNH:1
FNDA:8,(anonymous_0)
DA:1,1
DA:3,1
DA:5,8
DA:6,8
DA:7,4
DA:9,4
LF:6
LH:6
BRDA:6,0,0,4
BRF:1
BRH:1
end_of_record
TN:
SF:domain/usecases/IsValidName.ts
FN:2,(anonymous_0)
FNF:1
FNH:1
FNDA:4,(anonymous_0)
DA:1,1
DA:3,4
DA:4,4
LF:3
LH:3
BRF:0
BRH:0
end_of_record
TN:
SF:domain/usecases/IsValidPassword.ts
FN:4,(anonymous_0)
FNF:1
FNH:1
FNDA:4,(anonymous_0)
DA:1,1
DA:3,1
DA:5,4
DA:6,4
DA:7,3
DA:10,1
LF:6
LH:6
BRDA:6,0,0,3
BRF:1
BRH:1
end_of_record
